2022-01-17 12:40:52,749 - spam_application - DEBUG - ####################################### start logging in main 1
2022-01-17 12:40:52,749 - spam_application - DEBUG - Hauptklasse 1
2022-01-17 12:40:52,750 - spam_application - DEBUG - start logging in main method 1
2022-01-17 12:40:52,750 - spam_application - DEBUG - Hauptklasse init 2
2022-01-17 12:40:52,750 - spam_application - DEBUG - Hauptklasse start lade_studenten 4
2022-01-17 12:40:56,406 - spam_application - DEBUG - Hauptklasse create_data_frame 3
2022-01-17 12:40:57,156 - spam_application - DEBUG - create student row:vorname                                   Hans
nachname                                Meiser
geschlecht                            männlich
alter                                       50
wohnort                              Frankfurt
status                                  Senior
semester                                     7
punktzahl                                  2.0
faecher              ["Informatik","Biologie"]
kurse         ["Stochastik","Vererbungslehre"]
Name: 0, dtype: object
2022-01-17 12:40:57,159 - spam_application - DEBUG - create student row:vorname                                             Vera
nachname                                        Intvehen
geschlecht                                      weiblich
alter                                                 42
wohnort                                            Mainz
status                                            Senior
semester                                               6
punktzahl                                            1.3
faecher                      ["Mathematik","Informatik"]
kurse         ["Stochastik","Numerische Programmierung"]
Name: 1, dtype: object
2022-01-17 12:40:57,161 - spam_application - DEBUG - create student row:vorname                                         Jürgen
nachname                                        Fliege
geschlecht                                    männlich
alter                                               32
wohnort                                      Darmstadt
status                                         Neuling
semester                                             2
punktzahl                                          1.0
faecher                          ["BWL","Germanistik"]
kurse         ["Wirtschaft I","Germanische Literatur"]
Name: 2, dtype: object
2022-01-17 12:40:57,162 - spam_application - DEBUG - create student row:vorname                                    Bärbel
nachname                                  Schäfer
geschlecht                               weiblich
alter                                          36
wohnort                                 Offenbach
status                                    Student
semester                                        4
punktzahl                                     1.7
faecher                   ["Physik","Mathematik"]
kurse         ["Nuklearphysik","Lineare Algebra"]
Name: 3, dtype: object
2022-01-17 12:40:57,165 - spam_application - DEBUG - create student row:vorname                              Gerd
nachname                           Krämer
geschlecht                       männlich
alter                                  22
wohnort                         Offenbach
status                            Neuling
semester                                1
punktzahl                             1.0
faecher         ["Biologie","Mathematik"]
kurse         ["Stochastik","Analysis I"]
Name: 4, dtype: object
2022-01-17 12:40:57,167 - spam_application - DEBUG - create student row:vorname                                  Hugo
nachname                               Balder
geschlecht                           männlich
alter                                      24
wohnort                                 Mainz
status                                Neuling
semester                                    2
punktzahl                                 1.1
faecher                  ["BWL","Mathematik"]
kurse         ["Wirtschaft 2.0","Analysis I"]
Name: 5, dtype: object
2022-01-17 12:40:57,170 - spam_application - DEBUG - create student row:vorname                                   Sandro
nachname                                  Keller
geschlecht                              männlich
alter                                         25
wohnort                                Wiesbaden
status                                   Student
semester                                       4
punktzahl                                    2.2
faecher              ["Germanistik","Slavistik"]
kurse         ["Kinderliteratur","Grammatik II"]
Name: 6, dtype: object
2022-01-17 12:40:57,172 - spam_application - DEBUG - create student row:vorname                             Isabell
nachname                             Reinig
geschlecht                         weiblich
alter                                    27
wohnort                           Offenbach
status                              Student
semester                                  3
punktzahl                               1.9
faecher           ["Biologie","Mathematik"]
kurse         ["Genetik","Lineare Algebra"]
Name: 7, dtype: object
2022-01-17 12:40:57,174 - spam_application - DEBUG - create student row:vorname                               Doro
nachname                           Schäfer
geschlecht                        weiblich
alter                                   42
wohnort                       Kahl am Main
status                              Senior
semester                                 8
punktzahl                              3.7
faecher            ["Physik","Mathematik"]
kurse         ["Astrophysik","Stochastik"]
Name: 8, dtype: object
2022-01-17 12:40:57,896 - spam_application - DEBUG - Anzahl der Studenten 9
2022-01-17 12:40:58,807 - spam_application - DEBUG - Hauptklasse end lade_studenten 4
2022-01-17 12:40:59,481 - spam_application - DEBUG - Anzahl der Studenten 9
2022-01-17 12:40:59,481 - spam_application - DEBUG - Zeigt die Daten des 1. Studenten in der Liste

2022-01-17 12:41:00,540 - spam_application - DEBUG - Vorname: Hans
Nachname: Meiser
Geschlecht: männlich
Alter: 50
Status: Senior
Punktzahl: 2.0
Semester: 7
Ort: Frankfurt
Fächer: ["Informatik","Biologie"]
Kurse: ["Stochastik","Vererbungslehre"]
2022-01-17 12:41:00,540 - spam_application - DEBUG - None
2022-01-17 12:41:02,461 - spam_application - DEBUG - Vorname: Hans
Nachname: Meiser
Geschlecht: männlich
Alter: 50
Status: Senior
Punktzahl: 2.0
Semester: 7
Ort: Frankfurt
Fächer: ["Informatik","Biologie"]
Kurse: ["Stochastik","Vererbungslehre"]
